<?xml version="1.0" encoding="UTF-8"?>
<testsuite xmlns:xsi="http://www.w3.org/2001/XMLSchema-instance" xsi:noNamespaceSchemaLocation="https://maven.apache.org/surefire/maven-surefire-plugin/xsd/surefire-test-report.xsd" name="com.github.miller.shan.service.CalculatorServiceTest" time="0.039" tests="5" errors="0" skipped="2" failures="0">
  <properties>
    <property name="gopherProxySet" value="false"/>
    <property name="awt.toolkit" value="sun.lwawt.macosx.LWCToolkit"/>
    <property name="file.encoding.pkg" value="sun.io"/>
    <property name="java.specification.version" value="1.8"/>
    <property name="sun.cpu.isalist" value=""/>
    <property name="sun.jnu.encoding" value="UTF-8"/>
    <property name="java.class.path" value="/Users/shandongdong/Documents/git/JaCoCoTest/web/target/test-classes:/Users/shandongdong/Documents/git/JaCoCoTest/web/target/classes:/Users/shandongdong/Documents/git/JaCoCoTest/service/target/service-0.0.1-SNAPSHOT.jar:/Users/shandongdong/Documents/git/JaCoCoTest/mapper/target/mapper-0.0.1-SNAPSHOT.jar:/Users/shandongdong/Documents/git/JaCoCoTest/entity/target/entity-0.0.1-SNAPSHOT.jar:/Users/shandongdong/.m2/repository/org/projectlombok/lombok/1.16.22/lombok-1.16.22.jar:/Users/shandongdong/.m2/repository/org/springframework/boot/spring-boot-starter-jdbc/2.4.5/spring-boot-starter-jdbc-2.4.5.jar:/Users/shandongdong/.m2/repository/com/zaxxer/HikariCP/3.4.5/HikariCP-3.4.5.jar:/Users/shandongdong/.m2/repository/org/springframework/spring-jdbc/5.3.6/spring-jdbc-5.3.6.jar:/Users/shandongdong/.m2/repository/org/springframework/spring-tx/5.3.6/spring-tx-5.3.6.jar:/Users/shandongdong/.m2/repository/org/mybatis/spring/boot/mybatis-spring-boot-starter/2.1.1/mybatis-spring-boot-starter-2.1.1.jar:/Users/shandongdong/.m2/repository/org/mybatis/spring/boot/mybatis-spring-boot-autoconfigure/2.1.1/mybatis-spring-boot-autoconfigure-2.1.1.jar:/Users/shandongdong/.m2/repository/org/mybatis/mybatis/3.5.3/mybatis-3.5.3.jar:/Users/shandongdong/.m2/repository/org/mybatis/mybatis-spring/2.0.3/mybatis-spring-2.0.3.jar:/Users/shandongdong/.m2/repository/mysql/mysql-connector-java/8.0.23/mysql-connector-java-8.0.23.jar:/Users/shandongdong/.m2/repository/com/alibaba/druid/1.1.22/druid-1.1.22.jar:/Users/shandongdong/.m2/repository/org/springframework/boot/spring-boot-starter-web/2.4.5/spring-boot-starter-web-2.4.5.jar:/Users/shandongdong/.m2/repository/org/springframework/boot/spring-boot-starter/2.4.5/spring-boot-starter-2.4.5.jar:/Users/shandongdong/.m2/repository/org/springframework/boot/spring-boot/2.4.5/spring-boot-2.4.5.jar:/Users/shandongdong/.m2/repository/org/springframework/boot/spring-boot-autoconfigure/2.4.5/spring-boot-autoconfigure-2.4.5.jar:/Users/shandongdong/.m2/repository/org/springframework/boot/spring-boot-starter-logging/2.4.5/spring-boot-starter-logging-2.4.5.jar:/Users/shandongdong/.m2/repository/ch/qos/logback/logback-classic/1.2.3/logback-classic-1.2.3.jar:/Users/shandongdong/.m2/repository/ch/qos/logback/logback-core/1.2.3/logback-core-1.2.3.jar:/Users/shandongdong/.m2/repository/org/apache/logging/log4j/log4j-to-slf4j/2.13.3/log4j-to-slf4j-2.13.3.jar:/Users/shandongdong/.m2/repository/org/apache/logging/log4j/log4j-api/2.13.3/log4j-api-2.13.3.jar:/Users/shandongdong/.m2/repository/org/slf4j/jul-to-slf4j/1.7.30/jul-to-slf4j-1.7.30.jar:/Users/shandongdong/.m2/repository/jakarta/annotation/jakarta.annotation-api/1.3.5/jakarta.annotation-api-1.3.5.jar:/Users/shandongdong/.m2/repository/org/yaml/snakeyaml/1.27/snakeyaml-1.27.jar:/Users/shandongdong/.m2/repository/org/springframework/boot/spring-boot-starter-json/2.4.5/spring-boot-starter-json-2.4.5.jar:/Users/shandongdong/.m2/repository/com/fasterxml/jackson/core/jackson-databind/2.11.4/jackson-databind-2.11.4.jar:/Users/shandongdong/.m2/repository/com/fasterxml/jackson/core/jackson-annotations/2.11.4/jackson-annotations-2.11.4.jar:/Users/shandongdong/.m2/repository/com/fasterxml/jackson/core/jackson-core/2.11.4/jackson-core-2.11.4.jar:/Users/shandongdong/.m2/repository/com/fasterxml/jackson/datatype/jackson-datatype-jdk8/2.11.4/jackson-datatype-jdk8-2.11.4.jar:/Users/shandongdong/.m2/repository/com/fasterxml/jackson/datatype/jackson-datatype-jsr310/2.11.4/jackson-datatype-jsr310-2.11.4.jar:/Users/shandongdong/.m2/repository/com/fasterxml/jackson/module/jackson-module-parameter-names/2.11.4/jackson-module-parameter-names-2.11.4.jar:/Users/shandongdong/.m2/repository/org/springframework/boot/spring-boot-starter-tomcat/2.4.5/spring-boot-starter-tomcat-2.4.5.jar:/Users/shandongdong/.m2/repository/org/apache/tomcat/embed/tomcat-embed-core/9.0.45/tomcat-embed-core-9.0.45.jar:/Users/shandongdong/.m2/repository/org/glassfish/jakarta.el/3.0.3/jakarta.el-3.0.3.jar:/Users/shandongdong/.m2/repository/org/apache/tomcat/embed/tomcat-embed-websocket/9.0.45/tomcat-embed-websocket-9.0.45.jar:/Users/shandongdong/.m2/repository/org/springframework/spring-web/5.3.6/spring-web-5.3.6.jar:/Users/shandongdong/.m2/repository/org/springframework/spring-beans/5.3.6/spring-beans-5.3.6.jar:/Users/shandongdong/.m2/repository/org/springframework/spring-webmvc/5.3.6/spring-webmvc-5.3.6.jar:/Users/shandongdong/.m2/repository/org/springframework/spring-aop/5.3.6/spring-aop-5.3.6.jar:/Users/shandongdong/.m2/repository/org/springframework/spring-context/5.3.6/spring-context-5.3.6.jar:/Users/shandongdong/.m2/repository/org/springframework/spring-expression/5.3.6/spring-expression-5.3.6.jar:/Users/shandongdong/.m2/repository/org/springframework/boot/spring-boot-starter-test/2.4.5/spring-boot-starter-test-2.4.5.jar:/Users/shandongdong/.m2/repository/org/springframework/boot/spring-boot-test/2.4.5/spring-boot-test-2.4.5.jar:/Users/shandongdong/.m2/repository/org/springframework/boot/spring-boot-test-autoconfigure/2.4.5/spring-boot-test-autoconfigure-2.4.5.jar:/Users/shandongdong/.m2/repository/com/jayway/jsonpath/json-path/2.4.0/json-path-2.4.0.jar:/Users/shandongdong/.m2/repository/net/minidev/json-smart/2.3/json-smart-2.3.jar:/Users/shandongdong/.m2/repository/net/minidev/accessors-smart/1.2/accessors-smart-1.2.jar:/Users/shandongdong/.m2/repository/org/ow2/asm/asm/5.0.4/asm-5.0.4.jar:/Users/shandongdong/.m2/repository/org/slf4j/slf4j-api/1.7.30/slf4j-api-1.7.30.jar:/Users/shandongdong/.m2/repository/jakarta/xml/bind/jakarta.xml.bind-api/2.3.3/jakarta.xml.bind-api-2.3.3.jar:/Users/shandongdong/.m2/repository/jakarta/activation/jakarta.activation-api/1.2.2/jakarta.activation-api-1.2.2.jar:/Users/shandongdong/.m2/repository/org/assertj/assertj-core/3.18.1/assertj-core-3.18.1.jar:/Users/shandongdong/.m2/repository/org/hamcrest/hamcrest/2.2/hamcrest-2.2.jar:/Users/shandongdong/.m2/repository/org/junit/jupiter/junit-jupiter/5.7.1/junit-jupiter-5.7.1.jar:/Users/shandongdong/.m2/repository/org/junit/jupiter/junit-jupiter-api/5.7.1/junit-jupiter-api-5.7.1.jar:/Users/shandongdong/.m2/repository/org/opentest4j/opentest4j/1.2.0/opentest4j-1.2.0.jar:/Users/shandongdong/.m2/repository/org/junit/platform/junit-platform-commons/1.7.1/junit-platform-commons-1.7.1.jar:/Users/shandongdong/.m2/repository/org/junit/jupiter/junit-jupiter-params/5.7.1/junit-jupiter-params-5.7.1.jar:/Users/shandongdong/.m2/repository/org/junit/jupiter/junit-jupiter-engine/5.7.1/junit-jupiter-engine-5.7.1.jar:/Users/shandongdong/.m2/repository/org/junit/platform/junit-platform-engine/1.7.1/junit-platform-engine-1.7.1.jar:/Users/shandongdong/.m2/repository/org/mockito/mockito-core/3.6.28/mockito-core-3.6.28.jar:/Users/shandongdong/.m2/repository/net/bytebuddy/byte-buddy/1.10.22/byte-buddy-1.10.22.jar:/Users/shandongdong/.m2/repository/net/bytebuddy/byte-buddy-agent/1.10.22/byte-buddy-agent-1.10.22.jar:/Users/shandongdong/.m2/repository/org/objenesis/objenesis/3.1/objenesis-3.1.jar:/Users/shandongdong/.m2/repository/org/mockito/mockito-junit-jupiter/3.6.28/mockito-junit-jupiter-3.6.28.jar:/Users/shandongdong/.m2/repository/org/skyscreamer/jsonassert/1.5.0/jsonassert-1.5.0.jar:/Users/shandongdong/.m2/repository/com/vaadin/external/google/android-json/0.0.20131108.vaadin1/android-json-0.0.20131108.vaadin1.jar:/Users/shandongdong/.m2/repository/org/springframework/spring-core/5.3.6/spring-core-5.3.6.jar:/Users/shandongdong/.m2/repository/org/springframework/spring-jcl/5.3.6/spring-jcl-5.3.6.jar:/Users/shandongdong/.m2/repository/org/springframework/spring-test/5.3.6/spring-test-5.3.6.jar:/Users/shandongdong/.m2/repository/org/xmlunit/xmlunit-core/2.7.0/xmlunit-core-2.7.0.jar:/Users/shandongdong/.m2/repository/io/cucumber/cucumber-core/6.8.0/cucumber-core-6.8.0.jar:/Users/shandongdong/.m2/repository/io/cucumber/cucumber-gherkin/6.8.0/cucumber-gherkin-6.8.0.jar:/Users/shandongdong/.m2/repository/io/cucumber/cucumber-gherkin-messages/6.8.0/cucumber-gherkin-messages-6.8.0.jar:/Users/shandongdong/.m2/repository/io/cucumber/messages/13.1.0/messages-13.1.0.jar:/Users/shandongdong/.m2/repository/io/cucumber/tag-expressions/3.0.0/tag-expressions-3.0.0.jar:/Users/shandongdong/.m2/repository/io/cucumber/cucumber-expressions/10.3.0/cucumber-expressions-10.3.0.jar:/Users/shandongdong/.m2/repository/io/cucumber/datatable/3.5.0/datatable-3.5.0.jar:/Users/shandongdong/.m2/repository/io/cucumber/cucumber-plugin/6.8.0/cucumber-plugin-6.8.0.jar:/Users/shandongdong/.m2/repository/io/cucumber/docstring/6.8.0/docstring-6.8.0.jar:/Users/shandongdong/.m2/repository/io/cucumber/html-formatter/9.0.0/html-formatter-9.0.0.jar:/Users/shandongdong/.m2/repository/io/cucumber/create-meta/2.0.2/create-meta-2.0.2.jar:/Users/shandongdong/.m2/repository/org/apiguardian/apiguardian-api/1.1.0/apiguardian-api-1.1.0.jar:/Users/shandongdong/.m2/repository/io/cucumber/cucumber-java/6.8.0/cucumber-java-6.8.0.jar:/Users/shandongdong/.m2/repository/io/cucumber/cucumber-junit/6.8.0/cucumber-junit-6.8.0.jar:/Users/shandongdong/.m2/repository/junit/junit/4.13.2/junit-4.13.2.jar:/Users/shandongdong/.m2/repository/org/hamcrest/hamcrest-core/2.2/hamcrest-core-2.2.jar:/Users/shandongdong/.m2/repository/io/cucumber/cucumber-spring/6.8.0/cucumber-spring-6.8.0.jar:"/>
    <property name="java.vm.vendor" value="Oracle Corporation"/>
    <property name="sun.arch.data.model" value="64"/>
    <property name="java.vendor.url" value="http://java.oracle.com/"/>
    <property name="user.timezone" value=""/>
    <property name="java.vm.specification.version" value="1.8"/>
    <property name="os.name" value="Mac OS X"/>
    <property name="user.country" value="CN"/>
    <property name="sun.java.launcher" value="SUN_STANDARD"/>
    <property name="sun.boot.library.path" value="/Library/Java/JavaVirtualMachines/jdk1.8.0_202.jdk/Contents/Home/jre/lib"/>
    <property name="sun.java.command" value="/Users/shandongdong/Documents/git/JaCoCoTest/web/target/surefire/surefirebooter5436947838700823292.jar /Users/shandongdong/Documents/git/JaCoCoTest/web/target/surefire 2022-01-16T15-59-25_117-jvmRun1 surefire5564618229789117417tmp surefire_0977259132617230969tmp"/>
    <property name="surefire.test.class.path" value="/Users/shandongdong/Documents/git/JaCoCoTest/web/target/test-classes:/Users/shandongdong/Documents/git/JaCoCoTest/web/target/classes:/Users/shandongdong/Documents/git/JaCoCoTest/service/target/service-0.0.1-SNAPSHOT.jar:/Users/shandongdong/Documents/git/JaCoCoTest/mapper/target/mapper-0.0.1-SNAPSHOT.jar:/Users/shandongdong/Documents/git/JaCoCoTest/entity/target/entity-0.0.1-SNAPSHOT.jar:/Users/shandongdong/.m2/repository/org/projectlombok/lombok/1.16.22/lombok-1.16.22.jar:/Users/shandongdong/.m2/repository/org/springframework/boot/spring-boot-starter-jdbc/2.4.5/spring-boot-starter-jdbc-2.4.5.jar:/Users/shandongdong/.m2/repository/com/zaxxer/HikariCP/3.4.5/HikariCP-3.4.5.jar:/Users/shandongdong/.m2/repository/org/springframework/spring-jdbc/5.3.6/spring-jdbc-5.3.6.jar:/Users/shandongdong/.m2/repository/org/springframework/spring-tx/5.3.6/spring-tx-5.3.6.jar:/Users/shandongdong/.m2/repository/org/mybatis/spring/boot/mybatis-spring-boot-starter/2.1.1/mybatis-spring-boot-starter-2.1.1.jar:/Users/shandongdong/.m2/repository/org/mybatis/spring/boot/mybatis-spring-boot-autoconfigure/2.1.1/mybatis-spring-boot-autoconfigure-2.1.1.jar:/Users/shandongdong/.m2/repository/org/mybatis/mybatis/3.5.3/mybatis-3.5.3.jar:/Users/shandongdong/.m2/repository/org/mybatis/mybatis-spring/2.0.3/mybatis-spring-2.0.3.jar:/Users/shandongdong/.m2/repository/mysql/mysql-connector-java/8.0.23/mysql-connector-java-8.0.23.jar:/Users/shandongdong/.m2/repository/com/alibaba/druid/1.1.22/druid-1.1.22.jar:/Users/shandongdong/.m2/repository/org/springframework/boot/spring-boot-starter-web/2.4.5/spring-boot-starter-web-2.4.5.jar:/Users/shandongdong/.m2/repository/org/springframework/boot/spring-boot-starter/2.4.5/spring-boot-starter-2.4.5.jar:/Users/shandongdong/.m2/repository/org/springframework/boot/spring-boot/2.4.5/spring-boot-2.4.5.jar:/Users/shandongdong/.m2/repository/org/springframework/boot/spring-boot-autoconfigure/2.4.5/spring-boot-autoconfigure-2.4.5.jar:/Users/shandongdong/.m2/repository/org/springframework/boot/spring-boot-starter-logging/2.4.5/spring-boot-starter-logging-2.4.5.jar:/Users/shandongdong/.m2/repository/ch/qos/logback/logback-classic/1.2.3/logback-classic-1.2.3.jar:/Users/shandongdong/.m2/repository/ch/qos/logback/logback-core/1.2.3/logback-core-1.2.3.jar:/Users/shandongdong/.m2/repository/org/apache/logging/log4j/log4j-to-slf4j/2.13.3/log4j-to-slf4j-2.13.3.jar:/Users/shandongdong/.m2/repository/org/apache/logging/log4j/log4j-api/2.13.3/log4j-api-2.13.3.jar:/Users/shandongdong/.m2/repository/org/slf4j/jul-to-slf4j/1.7.30/jul-to-slf4j-1.7.30.jar:/Users/shandongdong/.m2/repository/jakarta/annotation/jakarta.annotation-api/1.3.5/jakarta.annotation-api-1.3.5.jar:/Users/shandongdong/.m2/repository/org/yaml/snakeyaml/1.27/snakeyaml-1.27.jar:/Users/shandongdong/.m2/repository/org/springframework/boot/spring-boot-starter-json/2.4.5/spring-boot-starter-json-2.4.5.jar:/Users/shandongdong/.m2/repository/com/fasterxml/jackson/core/jackson-databind/2.11.4/jackson-databind-2.11.4.jar:/Users/shandongdong/.m2/repository/com/fasterxml/jackson/core/jackson-annotations/2.11.4/jackson-annotations-2.11.4.jar:/Users/shandongdong/.m2/repository/com/fasterxml/jackson/core/jackson-core/2.11.4/jackson-core-2.11.4.jar:/Users/shandongdong/.m2/repository/com/fasterxml/jackson/datatype/jackson-datatype-jdk8/2.11.4/jackson-datatype-jdk8-2.11.4.jar:/Users/shandongdong/.m2/repository/com/fasterxml/jackson/datatype/jackson-datatype-jsr310/2.11.4/jackson-datatype-jsr310-2.11.4.jar:/Users/shandongdong/.m2/repository/com/fasterxml/jackson/module/jackson-module-parameter-names/2.11.4/jackson-module-parameter-names-2.11.4.jar:/Users/shandongdong/.m2/repository/org/springframework/boot/spring-boot-starter-tomcat/2.4.5/spring-boot-starter-tomcat-2.4.5.jar:/Users/shandongdong/.m2/repository/org/apache/tomcat/embed/tomcat-embed-core/9.0.45/tomcat-embed-core-9.0.45.jar:/Users/shandongdong/.m2/repository/org/glassfish/jakarta.el/3.0.3/jakarta.el-3.0.3.jar:/Users/shandongdong/.m2/repository/org/apache/tomcat/embed/tomcat-embed-websocket/9.0.45/tomcat-embed-websocket-9.0.45.jar:/Users/shandongdong/.m2/repository/org/springframework/spring-web/5.3.6/spring-web-5.3.6.jar:/Users/shandongdong/.m2/repository/org/springframework/spring-beans/5.3.6/spring-beans-5.3.6.jar:/Users/shandongdong/.m2/repository/org/springframework/spring-webmvc/5.3.6/spring-webmvc-5.3.6.jar:/Users/shandongdong/.m2/repository/org/springframework/spring-aop/5.3.6/spring-aop-5.3.6.jar:/Users/shandongdong/.m2/repository/org/springframework/spring-context/5.3.6/spring-context-5.3.6.jar:/Users/shandongdong/.m2/repository/org/springframework/spring-expression/5.3.6/spring-expression-5.3.6.jar:/Users/shandongdong/.m2/repository/org/springframework/boot/spring-boot-starter-test/2.4.5/spring-boot-starter-test-2.4.5.jar:/Users/shandongdong/.m2/repository/org/springframework/boot/spring-boot-test/2.4.5/spring-boot-test-2.4.5.jar:/Users/shandongdong/.m2/repository/org/springframework/boot/spring-boot-test-autoconfigure/2.4.5/spring-boot-test-autoconfigure-2.4.5.jar:/Users/shandongdong/.m2/repository/com/jayway/jsonpath/json-path/2.4.0/json-path-2.4.0.jar:/Users/shandongdong/.m2/repository/net/minidev/json-smart/2.3/json-smart-2.3.jar:/Users/shandongdong/.m2/repository/net/minidev/accessors-smart/1.2/accessors-smart-1.2.jar:/Users/shandongdong/.m2/repository/org/ow2/asm/asm/5.0.4/asm-5.0.4.jar:/Users/shandongdong/.m2/repository/org/slf4j/slf4j-api/1.7.30/slf4j-api-1.7.30.jar:/Users/shandongdong/.m2/repository/jakarta/xml/bind/jakarta.xml.bind-api/2.3.3/jakarta.xml.bind-api-2.3.3.jar:/Users/shandongdong/.m2/repository/jakarta/activation/jakarta.activation-api/1.2.2/jakarta.activation-api-1.2.2.jar:/Users/shandongdong/.m2/repository/org/assertj/assertj-core/3.18.1/assertj-core-3.18.1.jar:/Users/shandongdong/.m2/repository/org/hamcrest/hamcrest/2.2/hamcrest-2.2.jar:/Users/shandongdong/.m2/repository/org/junit/jupiter/junit-jupiter/5.7.1/junit-jupiter-5.7.1.jar:/Users/shandongdong/.m2/repository/org/junit/jupiter/junit-jupiter-api/5.7.1/junit-jupiter-api-5.7.1.jar:/Users/shandongdong/.m2/repository/org/opentest4j/opentest4j/1.2.0/opentest4j-1.2.0.jar:/Users/shandongdong/.m2/repository/org/junit/platform/junit-platform-commons/1.7.1/junit-platform-commons-1.7.1.jar:/Users/shandongdong/.m2/repository/org/junit/jupiter/junit-jupiter-params/5.7.1/junit-jupiter-params-5.7.1.jar:/Users/shandongdong/.m2/repository/org/junit/jupiter/junit-jupiter-engine/5.7.1/junit-jupiter-engine-5.7.1.jar:/Users/shandongdong/.m2/repository/org/junit/platform/junit-platform-engine/1.7.1/junit-platform-engine-1.7.1.jar:/Users/shandongdong/.m2/repository/org/mockito/mockito-core/3.6.28/mockito-core-3.6.28.jar:/Users/shandongdong/.m2/repository/net/bytebuddy/byte-buddy/1.10.22/byte-buddy-1.10.22.jar:/Users/shandongdong/.m2/repository/net/bytebuddy/byte-buddy-agent/1.10.22/byte-buddy-agent-1.10.22.jar:/Users/shandongdong/.m2/repository/org/objenesis/objenesis/3.1/objenesis-3.1.jar:/Users/shandongdong/.m2/repository/org/mockito/mockito-junit-jupiter/3.6.28/mockito-junit-jupiter-3.6.28.jar:/Users/shandongdong/.m2/repository/org/skyscreamer/jsonassert/1.5.0/jsonassert-1.5.0.jar:/Users/shandongdong/.m2/repository/com/vaadin/external/google/android-json/0.0.20131108.vaadin1/android-json-0.0.20131108.vaadin1.jar:/Users/shandongdong/.m2/repository/org/springframework/spring-core/5.3.6/spring-core-5.3.6.jar:/Users/shandongdong/.m2/repository/org/springframework/spring-jcl/5.3.6/spring-jcl-5.3.6.jar:/Users/shandongdong/.m2/repository/org/springframework/spring-test/5.3.6/spring-test-5.3.6.jar:/Users/shandongdong/.m2/repository/org/xmlunit/xmlunit-core/2.7.0/xmlunit-core-2.7.0.jar:/Users/shandongdong/.m2/repository/io/cucumber/cucumber-core/6.8.0/cucumber-core-6.8.0.jar:/Users/shandongdong/.m2/repository/io/cucumber/cucumber-gherkin/6.8.0/cucumber-gherkin-6.8.0.jar:/Users/shandongdong/.m2/repository/io/cucumber/cucumber-gherkin-messages/6.8.0/cucumber-gherkin-messages-6.8.0.jar:/Users/shandongdong/.m2/repository/io/cucumber/messages/13.1.0/messages-13.1.0.jar:/Users/shandongdong/.m2/repository/io/cucumber/tag-expressions/3.0.0/tag-expressions-3.0.0.jar:/Users/shandongdong/.m2/repository/io/cucumber/cucumber-expressions/10.3.0/cucumber-expressions-10.3.0.jar:/Users/shandongdong/.m2/repository/io/cucumber/datatable/3.5.0/datatable-3.5.0.jar:/Users/shandongdong/.m2/repository/io/cucumber/cucumber-plugin/6.8.0/cucumber-plugin-6.8.0.jar:/Users/shandongdong/.m2/repository/io/cucumber/docstring/6.8.0/docstring-6.8.0.jar:/Users/shandongdong/.m2/repository/io/cucumber/html-formatter/9.0.0/html-formatter-9.0.0.jar:/Users/shandongdong/.m2/repository/io/cucumber/create-meta/2.0.2/create-meta-2.0.2.jar:/Users/shandongdong/.m2/repository/org/apiguardian/apiguardian-api/1.1.0/apiguardian-api-1.1.0.jar:/Users/shandongdong/.m2/repository/io/cucumber/cucumber-java/6.8.0/cucumber-java-6.8.0.jar:/Users/shandongdong/.m2/repository/io/cucumber/cucumber-junit/6.8.0/cucumber-junit-6.8.0.jar:/Users/shandongdong/.m2/repository/junit/junit/4.13.2/junit-4.13.2.jar:/Users/shandongdong/.m2/repository/org/hamcrest/hamcrest-core/2.2/hamcrest-core-2.2.jar:/Users/shandongdong/.m2/repository/io/cucumber/cucumber-spring/6.8.0/cucumber-spring-6.8.0.jar:"/>
    <property name="sun.cpu.endian" value="little"/>
    <property name="user.home" value="/Users/shandongdong"/>
    <property name="user.language" value="zh"/>
    <property name="java.specification.vendor" value="Oracle Corporation"/>
    <property name="java.home" value="/Library/Java/JavaVirtualMachines/jdk1.8.0_202.jdk/Contents/Home/jre"/>
    <property name="basedir" value="/Users/shandongdong/Documents/git/JaCoCoTest/web"/>
    <property name="file.separator" value="/"/>
    <property name="line.separator" value="&#10;"/>
    <property name="java.vm.specification.vendor" value="Oracle Corporation"/>
    <property name="java.specification.name" value="Java Platform API Specification"/>
    <property name="java.awt.graphicsenv" value="sun.awt.CGraphicsEnvironment"/>
    <property name="surefire.real.class.path" value="/Users/shandongdong/Documents/git/JaCoCoTest/web/target/surefire/surefirebooter5436947838700823292.jar"/>
    <property name="sun.boot.class.path" value="/Library/Java/JavaVirtualMachines/jdk1.8.0_202.jdk/Contents/Home/jre/lib/resources.jar:/Library/Java/JavaVirtualMachines/jdk1.8.0_202.jdk/Contents/Home/jre/lib/rt.jar:/Library/Java/JavaVirtualMachines/jdk1.8.0_202.jdk/Contents/Home/jre/lib/sunrsasign.jar:/Library/Java/JavaVirtualMachines/jdk1.8.0_202.jdk/Contents/Home/jre/lib/jsse.jar:/Library/Java/JavaVirtualMachines/jdk1.8.0_202.jdk/Contents/Home/jre/lib/jce.jar:/Library/Java/JavaVirtualMachines/jdk1.8.0_202.jdk/Contents/Home/jre/lib/charsets.jar:/Library/Java/JavaVirtualMachines/jdk1.8.0_202.jdk/Contents/Home/jre/lib/jfr.jar:/Library/Java/JavaVirtualMachines/jdk1.8.0_202.jdk/Contents/Home/jre/classes"/>
    <property name="sun.management.compiler" value="HotSpot 64-Bit Tiered Compilers"/>
    <property name="java.runtime.version" value="1.8.0_202-b08"/>
    <property name="user.name" value="shandongdong"/>
    <property name="path.separator" value=":"/>
    <property name="os.version" value="10.16"/>
    <property name="java.endorsed.dirs" value="/Library/Java/JavaVirtualMachines/jdk1.8.0_202.jdk/Contents/Home/jre/lib/endorsed"/>
    <property name="java.runtime.name" value="Java(TM) SE Runtime Environment"/>
    <property name="file.encoding" value="UTF-8"/>
    <property name="java.vm.name" value="Java HotSpot(TM) 64-Bit Server VM"/>
    <property name="localRepository" value="/Users/shandongdong/.m2/repository"/>
    <property name="java.vendor.url.bug" value="http://bugreport.sun.com/bugreport/"/>
    <property name="java.io.tmpdir" value="/var/folders/3x/k1nxbh0s0339jdq2jz_v51qr0000gn/T/"/>
    <property name="idea.version" value="2021.2.2"/>
    <property name="java.version" value="1.8.0_202"/>
    <property name="user.dir" value="/Users/shandongdong/Documents/git/JaCoCoTest/web"/>
    <property name="os.arch" value="x86_64"/>
    <property name="java.vm.specification.name" value="Java Virtual Machine Specification"/>
    <property name="java.awt.printerjob" value="sun.lwawt.macosx.CPrinterJob"/>
    <property name="sun.os.patch.level" value="unknown"/>
    <property name="java.library.path" value="/Users/shandongdong/Library/Java/Extensions:/Library/Java/Extensions:/Network/Library/Java/Extensions:/System/Library/Java/Extensions:/usr/lib/java:."/>
    <property name="java.vm.info" value="mixed mode"/>
    <property name="java.vendor" value="Oracle Corporation"/>
    <property name="java.vm.version" value="25.202-b08"/>
    <property name="java.ext.dirs" value="/Users/shandongdong/Library/Java/Extensions:/Library/Java/JavaVirtualMachines/jdk1.8.0_202.jdk/Contents/Home/jre/lib/ext:/Library/Java/Extensions:/Network/Library/Java/Extensions:/System/Library/Java/Extensions:/usr/lib/java"/>
    <property name="sun.io.unicode.encoding" value="UnicodeBig"/>
    <property name="java.class.version" value="52.0"/>
  </properties>
  <testcase name="testAdd" classname="com.github.miller.shan.service.CalculatorServiceTest" time="0.029"/>
  <testcase name="testSubtract" classname="com.github.miller.shan.service.CalculatorServiceTest" time="0">
    <skipped message="public void com.github.miller.shan.service.CalculatorServiceTest.testSubtract() is @Disabled"/>
  </testcase>
  <testcase name="testDivisionIsZero" classname="com.github.miller.shan.service.CalculatorServiceTest" time="0.002"/>
  <testcase name="testDivision" classname="com.github.miller.shan.service.CalculatorServiceTest" time="0.001"/>
  <testcase name="testMultiply" classname="com.github.miller.shan.service.CalculatorServiceTest" time="0">
    <skipped message="public void com.github.miller.shan.service.CalculatorServiceTest.testMultiply() is @Disabled"/>
  </testcase>
</testsuite>